# JRE version: OpenJDK Runtime Environment (8.0_232-b09) (build 1.8.0_232-8u232-b09-0ubuntu1~18.04.1-b09)
# Java VM: OpenJDK 64-Bit Server VM (25.232-b09 mixed mode linux-amd64 compressed oops)
Heap:
 PSYoungGen      total 699392K, used 27312K [0x0000000781f00000, 0x00000007b1680000, 0x00000007c0000000)
  eden space 621056K, 0% used [0x0000000781f00000,0x0000000781f00000,0x00000007a7d80000)
  from space 78336K, 34% used [0x00000007a7d80000,0x00000007a982c000,0x00000007aca00000)
  to   space 37376K, 0% used [0x00000007af200000,0x00000007af200000,0x00000007b1680000)
 ParOldGen       total 339456K, used 195414K [0x0000000705c00000, 0x000000071a780000, 0x0000000781f00000)
  object space 339456K, 57% used [0x0000000705c00000,0x0000000711ad5890,0x000000071a780000)
 Metaspace       used 110290K, capacity 115356K, committed 115544K, reserved 1148928K
  class space    used 14369K, capacity 15450K, committed 15488K, reserved 1048576K
GC Heap History (10 events):
Event: 22.078 GC heap after
Heap after GC invocations=14 (full 3):
 PSYoungGen      total 329216K, used 0K [0x0000000781f00000, 0x00000007a1580000, 0x00000007c0000000)
  eden space 305664K, 0% used [0x0000000781f00000,0x0000000781f00000,0x0000000794980000)
  from space 23552K, 0% used [0x0000000794980000,0x0000000794980000,0x0000000796080000)
  to   space 24576K, 0% used [0x000000079fd80000,0x000000079fd80000,0x00000007a1580000)
 ParOldGen       total 152576K, used 34707K [0x0000000705c00000, 0x000000070f100000, 0x0000000781f00000)
  object space 152576K, 22% used [0x0000000705c00000,0x0000000707de4c58,0x000000070f100000)
 Metaspace       used 56453K, capacity 58902K, committed 59028K, reserved 1101824K
  class space    used 7156K, capacity 7657K, committed 7680K, reserved 1048576K
}
Event: 25.595 GC heap before
{Heap before GC invocations=15 (full 3):
 PSYoungGen      total 329216K, used 305664K [0x0000000781f00000, 0x00000007a1580000, 0x00000007c0000000)
  eden space 305664K, 100% used [0x0000000781f00000,0x0000000794980000,0x0000000794980000)
  from space 23552K, 0% used [0x0000000794980000,0x0000000794980000,0x0000000796080000)
  to   space 24576K, 0% used [0x000000079fd80000,0x000000079fd80000,0x00000007a1580000)
 ParOldGen       total 152576K, used 34707K [0x0000000705c00000, 0x000000070f100000, 0x0000000781f00000)
  object space 152576K, 22% used [0x0000000705c00000,0x0000000707de4c58,0x000000070f100000)
 Metaspace       used 73261K, capacity 76616K, committed 76888K, reserved 1116160K
  class space    used 9495K, capacity 10330K, committed 10368K, reserved 1048576K
Event: 25.670 GC heap after
Heap after GC invocations=15 (full 3):
 PSYoungGen      total 468480K, used 24544K [0x0000000781f00000, 0x00000007a3800000, 0x00000007c0000000)
  eden space 443904K, 0% used [0x0000000781f00000,0x0000000781f00000,0x000000079d080000)
  from space 24576K, 99% used [0x000000079fd80000,0x00000007a1578120,0x00000007a1580000)
  to   space 46080K, 0% used [0x000000079d080000,0x000000079d080000,0x000000079fd80000)
 ParOldGen       total 152576K, used 82387K [0x0000000705c00000, 0x000000070f100000, 0x0000000781f00000)
  object space 152576K, 53% used [0x0000000705c00000,0x000000070ac74c98,0x000000070f100000)
 Metaspace       used 73261K, capacity 76616K, committed 76888K, reserved 1116160K
  class space    used 9495K, capacity 10330K, committed 10368K, reserved 1048576K
}
Event: 31.510 GC heap before
{Heap before GC invocations=16 (full 3):
 PSYoungGen      total 468480K, used 468448K [0x0000000781f00000, 0x00000007a3800000, 0x00000007c0000000)
  eden space 443904K, 100% used [0x0000000781f00000,0x000000079d080000,0x000000079d080000)
  from space 24576K, 99% used [0x000000079fd80000,0x00000007a1578120,0x00000007a1580000)
  to   space 46080K, 0% used [0x000000079d080000,0x000000079d080000,0x000000079fd80000)
 ParOldGen       total 152576K, used 82387K [0x0000000705c00000, 0x000000070f100000, 0x0000000781f00000)
  object space 152576K, 53% used [0x0000000705c00000,0x000000070ac74c98,0x000000070f100000)
 Metaspace       used 88056K, capacity 91542K, committed 91864K, reserved 1128448K
  class space    used 11645K, capacity 12479K, committed 12544K, reserved 1048576K
Event: 31.731 GC heap after
Heap after GC invocations=16 (full 3):
 PSYoungGen      total 489984K, used 46049K [0x0000000781f00000, 0x00000007b4300000, 0x00000007c0000000)
  eden space 443904K, 0% used [0x0000000781f00000,0x0000000781f00000,0x000000079d080000)
  from space 46080K, 99% used [0x000000079d080000,0x000000079fd78500,0x000000079fd80000)
  to   space 82944K, 0% used [0x00000007af200000,0x00000007af200000,0x00000007b4300000)
 ParOldGen       total 169472K, used 160393K [0x0000000705c00000, 0x0000000710180000, 0x0000000781f00000)
  object space 169472K, 94% used [0x0000000705c00000,0x000000070f8a25f0,0x0000000710180000)
 Metaspace       used 88056K, capacity 91542K, committed 91864K, reserved 1128448K
  class space    used 11645K, capacity 12479K, committed 12544K, reserved 1048576K
}
Event: 31.778 GC heap before
{Heap before GC invocations=17 (full 4):
 PSYoungGen      total 489984K, used 46049K [0x0000000781f00000, 0x00000007b4300000, 0x00000007c0000000)
  eden space 443904K, 0% used [0x0000000781f00000,0x0000000781f00000,0x000000079d080000)
  from space 46080K, 99% used [0x000000079d080000,0x000000079fd78500,0x000000079fd80000)
  to   space 82944K, 0% used [0x00000007af200000,0x00000007af200000,0x00000007b4300000)
 ParOldGen       total 169472K, used 160393K [0x0000000705c00000, 0x0000000710180000, 0x0000000781f00000)
  object space 169472K, 94% used [0x0000000705c00000,0x000000070f8a25f0,0x0000000710180000)
 Metaspace       used 88056K, capacity 91542K, committed 91864K, reserved 1128448K
  class space    used 11645K, capacity 12479K, committed 12544K, reserved 1048576K
Event: 32.418 GC heap after
Heap after GC invocations=17 (full 4):
 PSYoungGen      total 489984K, used 26218K [0x0000000781f00000, 0x00000007b4300000, 0x00000007c0000000)
  eden space 443904K, 0% used [0x0000000781f00000,0x0000000781f00000,0x000000079d080000)
  from space 46080K, 56% used [0x000000079d080000,0x000000079ea1a948,0x000000079fd80000)
  to   space 82944K, 0% used [0x00000007af200000,0x00000007af200000,0x00000007b4300000)
 ParOldGen       total 339456K, used 163778K [0x0000000705c00000, 0x000000071a780000, 0x0000000781f00000)
  object space 339456K, 48% used [0x0000000705c00000,0x000000070fbf0b08,0x000000071a780000)
 Metaspace       used 88056K, capacity 91542K, committed 91864K, reserved 1128448K
  class space    used 11645K, capacity 12479K, committed 12544K, reserved 1048576K
}
Event: 152.451 GC heap before
{Heap before GC invocations=18 (full 4):
 PSYoungGen      total 489984K, used 470122K [0x0000000781f00000, 0x00000007b4300000, 0x00000007c0000000)
  eden space 443904K, 100% used [0x0000000781f00000,0x000000079d080000,0x000000079d080000)
  from space 46080K, 56% used [0x000000079d080000,0x000000079ea1a948,0x000000079fd80000)
  to   space 82944K, 0% used [0x00000007af200000,0x00000007af200000,0x00000007b4300000)
 ParOldGen       total 339456K, used 163778K [0x0000000705c00000, 0x000000071a780000, 0x0000000781f00000)
  object space 339456K, 48% used [0x0000000705c00000,0x000000070fbf0b08,0x000000071a780000)
 Metaspace       used 99559K, capacity 103796K, committed 103896K, reserved 1138688K
  class space    used 13058K, capacity 13986K, committed 14080K, reserved 1048576K
Event: 152.507 GC heap after
Heap after GC invocations=18 (full 4):
 PSYoungGen      total 658432K, used 20679K [0x0000000781f00000, 0x00000007b1680000, 0x00000007c0000000)
  eden space 621056K, 0% used [0x0000000781f00000,0x0000000781f00000,0x00000007a7d80000)
  from space 37376K, 55% used [0x00000007af200000,0x00000007b0631f68,0x00000007b1680000)
  to   space 78336K, 0% used [0x00000007a7d80000,0x00000007a7d80000,0x00000007aca00000)
 ParOldGen       total 339456K, used 183791K [0x0000000705c00000, 0x000000071a780000, 0x0000000781f00000)
  object space 339456K, 54% used [0x0000000705c00000,0x0000000710f7bd68,0x000000071a780000)
 Metaspace       used 99559K, capacity 103796K, committed 103896K, reserved 1138688K
  class space    used 13058K, capacity 13986K, committed 14080K, reserved 1048576K
}
Event: 162.786 GC heap before
{Heap before GC invocations=19 (full 4):
 PSYoungGen      total 658432K, used 641735K [0x0000000781f00000, 0x00000007b1680000, 0x00000007c0000000)
  eden space 621056K, 100% used [0x0000000781f00000,0x00000007a7d80000,0x00000007a7d80000)
  from space 37376K, 55% used [0x00000007af200000,0x00000007b0631f68,0x00000007b1680000)
  to   space 78336K, 0% used [0x00000007a7d80000,0x00000007a7d80000,0x00000007aca00000)
 ParOldGen       total 339456K, used 183791K [0x0000000705c00000, 0x000000071a780000, 0x0000000781f00000)
  object space 339456K, 54% used [0x0000000705c00000,0x0000000710f7bd68,0x000000071a780000)
 Metaspace       used 110290K, capacity 115356K, committed 115544K, reserved 1148928K
  class space    used 14369K, capacity 15450K, committed 15488K, reserved 1048576K

