# JRE version: OpenJDK Runtime Environment (8.0_242-b08) (build 1.8.0_242-8u242-b08-0ubuntu3~18.04-b08)
# Java VM: OpenJDK 64-Bit Server VM (25.242-b08 mixed mode linux-amd64 compressed oops)
Heap:
 PSYoungGen      total 396288K, used 0K [0x0000000781f00000, 0x000000079f800000, 0x00000007c0000000)
  eden space 345600K, 0% used [0x0000000781f00000,0x0000000781f00000,0x0000000797080000)
  from space 50688K, 0% used [0x000000079a900000,0x000000079a900000,0x000000079da80000)
  to   space 57856K, 0% used [0x0000000797080000,0x0000000797080000,0x000000079a900000)
 ParOldGen       total 229888K, used 185035K [0x0000000705c00000, 0x0000000713c80000, 0x0000000781f00000)
  object space 229888K, 80% used [0x0000000705c00000,0x00000007110b2f78,0x0000000713c80000)
 Metaspace       used 83619K, capacity 87090K, committed 87384K, reserved 1124352K
  class space    used 10970K, capacity 11807K, committed 11904K, reserved 1048576K
GC Heap History (10 events):
Event: 10.366 GC heap after
Heap after GC invocations=11 (full 2):
 PSYoungGen      total 250880K, used 15339K [0x0000000781f00000, 0x0000000796280000, 0x00000007c0000000)
  eden space 235520K, 0% used [0x0000000781f00000,0x0000000781f00000,0x0000000790500000)
  from space 15360K, 99% used [0x0000000790500000,0x00000007913face0,0x0000000791400000)
  to   space 18432K, 0% used [0x0000000795080000,0x0000000795080000,0x0000000796280000)
 ParOldGen       total 129024K, used 21996K [0x0000000705c00000, 0x000000070da00000, 0x0000000781f00000)
  object space 129024K, 17% used [0x0000000705c00000,0x000000070717b290,0x000000070da00000)
 Metaspace       used 44772K, capacity 46684K, committed 46808K, reserved 1089536K
  class space    used 5475K, capacity 5827K, committed 5888K, reserved 1048576K
}
Event: 13.223 GC heap before
{Heap before GC invocations=12 (full 2):
 PSYoungGen      total 250880K, used 239912K [0x0000000781f00000, 0x0000000796280000, 0x00000007c0000000)
  eden space 235520K, 95% used [0x0000000781f00000,0x000000078fa4f4c0,0x0000000790500000)
  from space 15360K, 99% used [0x0000000790500000,0x00000007913face0,0x0000000791400000)
  to   space 18432K, 0% used [0x0000000795080000,0x0000000795080000,0x0000000796280000)
 ParOldGen       total 129024K, used 21996K [0x0000000705c00000, 0x000000070da00000, 0x0000000781f00000)
  object space 129024K, 17% used [0x0000000705c00000,0x000000070717b290,0x000000070da00000)
 Metaspace       used 56435K, capacity 58908K, committed 59028K, reserved 1101824K
  class space    used 7141K, capacity 7658K, committed 7680K, reserved 1048576K
Event: 13.265 GC heap after
Heap after GC invocations=12 (full 2):
 PSYoungGen      total 307200K, used 18409K [0x0000000781f00000, 0x0000000796c00000, 0x00000007c0000000)
  eden space 288768K, 0% used [0x0000000781f00000,0x0000000781f00000,0x0000000793900000)
  from space 18432K, 99% used [0x0000000795080000,0x000000079627a728,0x0000000796280000)
  to   space 24064K, 0% used [0x0000000793900000,0x0000000793900000,0x0000000795080000)
 ParOldGen       total 129024K, used 30281K [0x0000000705c00000, 0x000000070da00000, 0x0000000781f00000)
  object space 129024K, 23% used [0x0000000705c00000,0x0000000707992600,0x000000070da00000)
 Metaspace       used 56435K, capacity 58908K, committed 59028K, reserved 1101824K
  class space    used 7141K, capacity 7658K, committed 7680K, reserved 1048576K
}
Event: 13.265 GC heap before
{Heap before GC invocations=13 (full 3):
 PSYoungGen      total 307200K, used 18409K [0x0000000781f00000, 0x0000000796c00000, 0x00000007c0000000)
  eden space 288768K, 0% used [0x0000000781f00000,0x0000000781f00000,0x0000000793900000)
  from space 18432K, 99% used [0x0000000795080000,0x000000079627a728,0x0000000796280000)
  to   space 24064K, 0% used [0x0000000793900000,0x0000000793900000,0x0000000795080000)
 ParOldGen       total 129024K, used 30281K [0x0000000705c00000, 0x000000070da00000, 0x0000000781f00000)
  object space 129024K, 23% used [0x0000000705c00000,0x0000000707992600,0x000000070da00000)
 Metaspace       used 56435K, capacity 58908K, committed 59028K, reserved 1101824K
  class space    used 7141K, capacity 7658K, committed 7680K, reserved 1048576K
Event: 13.507 GC heap after
Heap after GC invocations=13 (full 3):
 PSYoungGen      total 307200K, used 0K [0x0000000781f00000, 0x0000000796c00000, 0x00000007c0000000)
  eden space 288768K, 0% used [0x0000000781f00000,0x0000000781f00000,0x0000000793900000)
  from space 18432K, 0% used [0x0000000795080000,0x0000000795080000,0x0000000796280000)
  to   space 24064K, 0% used [0x0000000793900000,0x0000000793900000,0x0000000795080000)
 ParOldGen       total 196096K, used 42562K [0x0000000705c00000, 0x0000000711b80000, 0x0000000781f00000)
  object space 196096K, 21% used [0x0000000705c00000,0x0000000708590af8,0x0000000711b80000)
 Metaspace       used 56435K, capacity 58908K, committed 59028K, reserved 1101824K
  class space    used 7141K, capacity 7658K, committed 7680K, reserved 1048576K
}
Event: 28.890 GC heap before
{Heap before GC invocations=14 (full 3):
 PSYoungGen      total 307200K, used 288768K [0x0000000781f00000, 0x0000000796c00000, 0x00000007c0000000)
  eden space 288768K, 100% used [0x0000000781f00000,0x0000000793900000,0x0000000793900000)
  from space 18432K, 0% used [0x0000000795080000,0x0000000795080000,0x0000000796280000)
  to   space 24064K, 0% used [0x0000000793900000,0x0000000793900000,0x0000000795080000)
 ParOldGen       total 196096K, used 42562K [0x0000000705c00000, 0x0000000711b80000, 0x0000000781f00000)
  object space 196096K, 21% used [0x0000000705c00000,0x0000000708590af8,0x0000000711b80000)
 Metaspace       used 72659K, capacity 75972K, committed 76248K, reserved 1116160K
  class space    used 9416K, capacity 10238K, committed 10240K, reserved 1048576K
Event: 29.131 GC heap after
Heap after GC invocations=14 (full 3):
 PSYoungGen      total 312832K, used 24032K [0x0000000781f00000, 0x000000079da80000, 0x00000007c0000000)
  eden space 288768K, 0% used [0x0000000781f00000,0x0000000781f00000,0x0000000793900000)
  from space 24064K, 99% used [0x0000000793900000,0x0000000795078070,0x0000000795080000)
  to   space 50688K, 0% used [0x000000079a900000,0x000000079a900000,0x000000079da80000)
 ParOldGen       total 196096K, used 106073K [0x0000000705c00000, 0x0000000711b80000, 0x0000000781f00000)
  object space 196096K, 54% used [0x0000000705c00000,0x000000070c3965d0,0x0000000711b80000)
 Metaspace       used 72659K, capacity 75972K, committed 76248K, reserved 1116160K
  class space    used 9416K, capacity 10238K, committed 10240K, reserved 1048576K
}
Event: 35.394 GC heap before
{Heap before GC invocations=15 (full 3):
 PSYoungGen      total 312832K, used 312800K [0x0000000781f00000, 0x000000079da80000, 0x00000007c0000000)
  eden space 288768K, 100% used [0x0000000781f00000,0x0000000793900000,0x0000000793900000)
  from space 24064K, 99% used [0x0000000793900000,0x0000000795078070,0x0000000795080000)
  to   space 50688K, 0% used [0x000000079a900000,0x000000079a900000,0x000000079da80000)
 ParOldGen       total 196096K, used 106073K [0x0000000705c00000, 0x0000000711b80000, 0x0000000781f00000)
  object space 196096K, 54% used [0x0000000705c00000,0x000000070c3965d0,0x0000000711b80000)
 Metaspace       used 83619K, capacity 87090K, committed 87384K, reserved 1124352K
  class space    used 10970K, capacity 11807K, committed 11904K, reserved 1048576K
Event: 35.705 GC heap after
Heap after GC invocations=15 (full 3):
 PSYoungGen      total 396288K, used 46359K [0x0000000781f00000, 0x000000079f800000, 0x00000007c0000000)
  eden space 345600K, 0% used [0x0000000781f00000,0x0000000781f00000,0x0000000797080000)
  from space 50688K, 91% used [0x000000079a900000,0x000000079d645cc8,0x000000079da80000)
  to   space 57856K, 0% used [0x0000000797080000,0x0000000797080000,0x000000079a900000)
 ParOldGen       total 229888K, used 228039K [0x0000000705c00000, 0x0000000713c80000, 0x0000000781f00000)
  object space 229888K, 99% used [0x0000000705c00000,0x0000000713ab1ca8,0x0000000713c80000)
 Metaspace       used 83619K, capacity 87090K, committed 87384K, reserved 1124352K
  class space    used 10970K, capacity 11807K, committed 11904K, reserved 1048576K
}
Event: 35.706 GC heap before
{Heap before GC invocations=16 (full 4):
 PSYoungGen      total 396288K, used 46359K [0x0000000781f00000, 0x000000079f800000, 0x00000007c0000000)
  eden space 345600K, 0% used [0x0000000781f00000,0x0000000781f00000,0x0000000797080000)
  from space 50688K, 91% used [0x000000079a900000,0x000000079d645cc8,0x000000079da80000)
  to   space 57856K, 0% used [0x0000000797080000,0x0000000797080000,0x000000079a900000)
 ParOldGen       total 229888K, used 228039K [0x0000000705c00000, 0x0000000713c80000, 0x0000000781f00000)
  object space 229888K, 99% used [0x0000000705c00000,0x0000000713ab1ca8,0x0000000713c80000)
 Metaspace       used 83619K, capacity 87090K, committed 87384K, reserved 1124352K
  class space    used 10970K, capacity 11807K, committed 11904K, reserved 1048576K

