# JRE version: OpenJDK Runtime Environment (8.0_242-b08) (build 1.8.0_242-8u242-b08-0ubuntu3~18.04-b08)
# Java VM: OpenJDK 64-Bit Server VM (25.242-b08 mixed mode linux-amd64 compressed oops)
Heap:
 PSYoungGen      total 351232K, used 45052K [0x0000000781f00000, 0x000000079f400000, 0x00000007c0000000)
  eden space 306176K, 0% used [0x0000000781f00000,0x0000000781f00000,0x0000000794a00000)
  from space 45056K, 99% used [0x000000079c800000,0x000000079f3ff288,0x000000079f400000)
  to   space 24064K, 0% used [0x0000000794a00000,0x0000000794a00000,0x0000000796180000)
 ParOldGen       total 194048K, used 181701K [0x0000000705c00000, 0x0000000711980000, 0x0000000781f00000)
  object space 194048K, 93% used [0x0000000705c00000,0x0000000710d71590,0x0000000711980000)
 Metaspace       used 85071K, capacity 88622K, committed 89048K, reserved 1126400K
  class space    used 11154K, capacity 12013K, committed 12032K, reserved 1048576K
GC Heap History (10 events):
Event: 7.183 GC heap after
Heap after GC invocations=10 (full 2):
 PSYoungGen      total 250880K, used 0K [0x0000000781f00000, 0x0000000792680000, 0x00000007c0000000)
  eden space 237056K, 0% used [0x0000000781f00000,0x0000000781f00000,0x0000000790680000)
  from space 13824K, 0% used [0x0000000791580000,0x0000000791580000,0x0000000792300000)
  to   space 15360K, 0% used [0x0000000790680000,0x0000000790680000,0x0000000791580000)
 ParOldGen       total 116224K, used 19077K [0x0000000705c00000, 0x000000070cd80000, 0x0000000781f00000)
  object space 116224K, 16% used [0x0000000705c00000,0x0000000706ea1548,0x000000070cd80000)
 Metaspace       used 34118K, capacity 35336K, committed 35416K, reserved 1081344K
  class space    used 4173K, capacity 4449K, committed 4480K, reserved 1048576K
}
Event: 11.191 GC heap before
{Heap before GC invocations=11 (full 2):
 PSYoungGen      total 250880K, used 237056K [0x0000000781f00000, 0x0000000792680000, 0x00000007c0000000)
  eden space 237056K, 100% used [0x0000000781f00000,0x0000000790680000,0x0000000790680000)
  from space 13824K, 0% used [0x0000000791580000,0x0000000791580000,0x0000000792300000)
  to   space 15360K, 0% used [0x0000000790680000,0x0000000790680000,0x0000000791580000)
 ParOldGen       total 116224K, used 19077K [0x0000000705c00000, 0x000000070cd80000, 0x0000000781f00000)
  object space 116224K, 16% used [0x0000000705c00000,0x0000000706ea1548,0x000000070cd80000)
 Metaspace       used 44819K, capacity 46692K, committed 46808K, reserved 1089536K
  class space    used 5477K, capacity 5827K, committed 5888K, reserved 1048576K
Event: 11.214 GC heap after
Heap after GC invocations=11 (full 2):
 PSYoungGen      total 252416K, used 15356K [0x0000000781f00000, 0x0000000797380000, 0x00000007c0000000)
  eden space 237056K, 0% used [0x0000000781f00000,0x0000000781f00000,0x0000000790680000)
  from space 15360K, 99% used [0x0000000790680000,0x000000079157f100,0x0000000791580000)
  to   space 18432K, 0% used [0x0000000796180000,0x0000000796180000,0x0000000797380000)
 ParOldGen       total 116224K, used 21935K [0x0000000705c00000, 0x000000070cd80000, 0x0000000781f00000)
  object space 116224K, 18% used [0x0000000705c00000,0x000000070716bfd8,0x000000070cd80000)
 Metaspace       used 44819K, capacity 46692K, committed 46808K, reserved 1089536K
  class space    used 5477K, capacity 5827K, committed 5888K, reserved 1048576K
}
Event: 14.725 GC heap before
{Heap before GC invocations=12 (full 2):
 PSYoungGen      total 252416K, used 229931K [0x0000000781f00000, 0x0000000797380000, 0x00000007c0000000)
  eden space 237056K, 90% used [0x0000000781f00000,0x000000078f08bc40,0x0000000790680000)
  from space 15360K, 99% used [0x0000000790680000,0x000000079157f100,0x0000000791580000)
  to   space 18432K, 0% used [0x0000000796180000,0x0000000796180000,0x0000000797380000)
 ParOldGen       total 116224K, used 21935K [0x0000000705c00000, 0x000000070cd80000, 0x0000000781f00000)
  object space 116224K, 18% used [0x0000000705c00000,0x000000070716bfd8,0x000000070cd80000)
 Metaspace       used 56434K, capacity 58916K, committed 59028K, reserved 1101824K
  class space    used 7143K, capacity 7658K, committed 7680K, reserved 1048576K
Event: 14.760 GC heap after
Heap after GC invocations=12 (full 2):
 PSYoungGen      total 324608K, used 18428K [0x0000000781f00000, 0x0000000797980000, 0x00000007c0000000)
  eden space 306176K, 0% used [0x0000000781f00000,0x0000000781f00000,0x0000000794a00000)
  from space 18432K, 99% used [0x0000000796180000,0x000000079737f158,0x0000000797380000)
  to   space 24064K, 0% used [0x0000000794a00000,0x0000000794a00000,0x0000000796180000)
 ParOldGen       total 116224K, used 30149K [0x0000000705c00000, 0x000000070cd80000, 0x0000000781f00000)
  object space 116224K, 25% used [0x0000000705c00000,0x0000000707971560,0x000000070cd80000)
 Metaspace       used 56434K, capacity 58916K, committed 59028K, reserved 1101824K
  class space    used 7143K, capacity 7658K, committed 7680K, reserved 1048576K
}
Event: 14.760 GC heap before
{Heap before GC invocations=13 (full 3):
 PSYoungGen      total 324608K, used 18428K [0x0000000781f00000, 0x0000000797980000, 0x00000007c0000000)
  eden space 306176K, 0% used [0x0000000781f00000,0x0000000781f00000,0x0000000794a00000)
  from space 18432K, 99% used [0x0000000796180000,0x000000079737f158,0x0000000797380000)
  to   space 24064K, 0% used [0x0000000794a00000,0x0000000794a00000,0x0000000796180000)
 ParOldGen       total 116224K, used 30149K [0x0000000705c00000, 0x000000070cd80000, 0x0000000781f00000)
  object space 116224K, 25% used [0x0000000705c00000,0x0000000707971560,0x000000070cd80000)
 Metaspace       used 56434K, capacity 58916K, committed 59028K, reserved 1101824K
  class space    used 7143K, capacity 7658K, committed 7680K, reserved 1048576K
Event: 15.095 GC heap after
Heap after GC invocations=13 (full 3):
 PSYoungGen      total 324608K, used 0K [0x0000000781f00000, 0x0000000797980000, 0x00000007c0000000)
  eden space 306176K, 0% used [0x0000000781f00000,0x0000000781f00000,0x0000000794a00000)
  from space 18432K, 0% used [0x0000000796180000,0x0000000796180000,0x0000000797380000)
  to   space 24064K, 0% used [0x0000000794a00000,0x0000000794a00000,0x0000000796180000)
 ParOldGen       total 177152K, used 42511K [0x0000000705c00000, 0x0000000710900000, 0x0000000781f00000)
  object space 177152K, 23% used [0x0000000705c00000,0x0000000708583fc8,0x0000000710900000)
 Metaspace       used 56434K, capacity 58916K, committed 59028K, reserved 1101824K
  class space    used 7143K, capacity 7658K, committed 7680K, reserved 1048576K
}
Event: 20.642 GC heap before
{Heap before GC invocations=14 (full 3):
 PSYoungGen      total 324608K, used 306176K [0x0000000781f00000, 0x0000000797980000, 0x00000007c0000000)
  eden space 306176K, 100% used [0x0000000781f00000,0x0000000794a00000,0x0000000794a00000)
  from space 18432K, 0% used [0x0000000796180000,0x0000000796180000,0x0000000797380000)
  to   space 24064K, 0% used [0x0000000794a00000,0x0000000794a00000,0x0000000796180000)
 ParOldGen       total 177152K, used 42511K [0x0000000705c00000, 0x0000000710900000, 0x0000000781f00000)
  object space 177152K, 23% used [0x0000000705c00000,0x0000000708583fc8,0x0000000710900000)
 Metaspace       used 74609K, capacity 77954K, committed 78040K, reserved 1116160K
  class space    used 9666K, capacity 10493K, committed 10496K, reserved 1048576K
Event: 20.858 GC heap after
Heap after GC invocations=14 (full 3):
 PSYoungGen      total 330240K, used 24037K [0x0000000781f00000, 0x000000079f400000, 0x00000007c0000000)
  eden space 306176K, 0% used [0x0000000781f00000,0x0000000781f00000,0x0000000794a00000)
  from space 24064K, 99% used [0x0000000794a00000,0x0000000796179638,0x0000000796180000)
  to   space 45056K, 0% used [0x000000079c800000,0x000000079c800000,0x000000079f400000)
 ParOldGen       total 177152K, used 90952K [0x0000000705c00000, 0x0000000710900000, 0x0000000781f00000)
  object space 177152K, 51% used [0x0000000705c00000,0x000000070b4d2130,0x0000000710900000)
 Metaspace       used 74609K, capacity 77954K, committed 78040K, reserved 1116160K
  class space    used 9666K, capacity 10493K, committed 10496K, reserved 1048576K
}
Event: 28.751 GC heap before
{Heap before GC invocations=15 (full 3):
 PSYoungGen      total 330240K, used 330213K [0x0000000781f00000, 0x000000079f400000, 0x00000007c0000000)
  eden space 306176K, 100% used [0x0000000781f00000,0x0000000794a00000,0x0000000794a00000)
  from space 24064K, 99% used [0x0000000794a00000,0x0000000796179638,0x0000000796180000)
  to   space 45056K, 0% used [0x000000079c800000,0x000000079c800000,0x000000079f400000)
 ParOldGen       total 177152K, used 90952K [0x0000000705c00000, 0x0000000710900000, 0x0000000781f00000)
  object space 177152K, 51% used [0x0000000705c00000,0x000000070b4d2130,0x0000000710900000)
 Metaspace       used 85071K, capacity 88622K, committed 89048K, reserved 1126400K
  class space    used 11154K, capacity 12013K, committed 12032K, reserved 1048576K

