# JRE version: OpenJDK Runtime Environment (8.0_232-b09) (build 1.8.0_232-8u232-b09-0ubuntu1~18.04.1-b09)
# Java VM: OpenJDK 64-Bit Server VM (25.232-b09 mixed mode linux-amd64 compressed oops)
Heap:
 PSYoungGen      total 100352K, used 10741K [0x00000000eab00000, 0x00000000f1800000, 0x0000000100000000)
  eden space 89600K, 0% used [0x00000000eab00000,0x00000000eab00000,0x00000000f0280000)
  from space 10752K, 99% used [0x00000000f0280000,0x00000000f0cfd408,0x00000000f0d00000)
  to   space 11264K, 0% used [0x00000000f0d00000,0x00000000f0d00000,0x00000000f1800000)
 ParOldGen       total 66048K, used 7554K [0x00000000c0000000, 0x00000000c4080000, 0x00000000eab00000)
  object space 66048K, 11% used [0x00000000c0000000,0x00000000c0760b98,0x00000000c4080000)
 Metaspace       used 31788K, capacity 32270K, committed 32640K, reserved 1077248K
  class space    used 4475K, capacity 4647K, committed 4736K, reserved 1048576K
GC Heap History (10 events):
Event: 14.483 GC heap after
Heap after GC invocations=3 (full 0):
 PSYoungGen      total 56320K, used 7655K [0x00000000eab00000, 0x00000000ee980000, 0x0000000100000000)
  eden space 48640K, 0% used [0x00000000eab00000,0x00000000eab00000,0x00000000eda80000)
  from space 7680K, 99% used [0x00000000eda80000,0x00000000ee1f9cb8,0x00000000ee200000)
  to   space 7680K, 0% used [0x00000000ee200000,0x00000000ee200000,0x00000000ee980000)
 ParOldGen       total 128512K, used 2845K [0x00000000c0000000, 0x00000000c7d80000, 0x00000000eab00000)
  object space 128512K, 2% used [0x00000000c0000000,0x00000000c02c74e8,0x00000000c7d80000)
 Metaspace       used 19867K, capacity 20170K, committed 20352K, reserved 1067008K
  class space    used 2766K, capacity 2883K, committed 2944K, reserved 1048576K
}
Event: 14.621 GC heap before
{Heap before GC invocations=4 (full 0):
 PSYoungGen      total 56320K, used 15742K [0x00000000eab00000, 0x00000000ee980000, 0x0000000100000000)
  eden space 48640K, 16% used [0x00000000eab00000,0x00000000eb2e5ce8,0x00000000eda80000)
  from space 7680K, 99% used [0x00000000eda80000,0x00000000ee1f9cb8,0x00000000ee200000)
  to   space 7680K, 0% used [0x00000000ee200000,0x00000000ee200000,0x00000000ee980000)
 ParOldGen       total 128512K, used 2845K [0x00000000c0000000, 0x00000000c7d80000, 0x00000000eab00000)
  object space 128512K, 2% used [0x00000000c0000000,0x00000000c02c74e8,0x00000000c7d80000)
 Metaspace       used 20832K, capacity 21130K, committed 21248K, reserved 1067008K
  class space    used 2897K, capacity 3011K, committed 3072K, reserved 1048576K
Event: 14.627 GC heap after
Heap after GC invocations=4 (full 0):
 PSYoungGen      total 56320K, used 7655K [0x00000000eab00000, 0x00000000f1900000, 0x0000000100000000)
  eden space 48640K, 0% used [0x00000000eab00000,0x00000000eab00000,0x00000000eda80000)
  from space 7680K, 99% used [0x00000000ee200000,0x00000000ee979f30,0x00000000ee980000)
  to   space 7680K, 0% used [0x00000000eda80000,0x00000000eda80000,0x00000000ee200000)
 ParOldGen       total 128512K, used 2892K [0x00000000c0000000, 0x00000000c7d80000, 0x00000000eab00000)
  object space 128512K, 2% used [0x00000000c0000000,0x00000000c02d30c8,0x00000000c7d80000)
 Metaspace       used 20832K, capacity 21130K, committed 21248K, reserved 1067008K
  class space    used 2897K, capacity 3011K, committed 3072K, reserved 1048576K
}
Event: 14.627 GC heap before
{Heap before GC invocations=5 (full 1):
 PSYoungGen      total 56320K, used 7655K [0x00000000eab00000, 0x00000000f1900000, 0x0000000100000000)
  eden space 48640K, 0% used [0x00000000eab00000,0x00000000eab00000,0x00000000eda80000)
  from space 7680K, 99% used [0x00000000ee200000,0x00000000ee979f30,0x00000000ee980000)
  to   space 7680K, 0% used [0x00000000eda80000,0x00000000eda80000,0x00000000ee200000)
 ParOldGen       total 128512K, used 2892K [0x00000000c0000000, 0x00000000c7d80000, 0x00000000eab00000)
  object space 128512K, 2% used [0x00000000c0000000,0x00000000c02d30c8,0x00000000c7d80000)
 Metaspace       used 20832K, capacity 21130K, committed 21248K, reserved 1067008K
  class space    used 2897K, capacity 3011K, committed 3072K, reserved 1048576K
Event: 14.672 GC heap after
Heap after GC invocations=5 (full 1):
 PSYoungGen      total 56320K, used 0K [0x00000000eab00000, 0x00000000f1900000, 0x0000000100000000)
  eden space 48640K, 0% used [0x00000000eab00000,0x00000000eab00000,0x00000000eda80000)
  from space 7680K, 0% used [0x00000000ee200000,0x00000000ee200000,0x00000000ee980000)
  to   space 7680K, 0% used [0x00000000eda80000,0x00000000eda80000,0x00000000ee200000)
 ParOldGen       total 66048K, used 7530K [0x00000000c0000000, 0x00000000c4080000, 0x00000000eab00000)
  object space 66048K, 11% used [0x00000000c0000000,0x00000000c075ab98,0x00000000c4080000)
 Metaspace       used 20832K, capacity 21130K, committed 21248K, reserved 1067008K
  class space    used 2897K, capacity 3011K, committed 3072K, reserved 1048576K
}
Event: 15.500 GC heap before
{Heap before GC invocations=6 (full 1):
 PSYoungGen      total 56320K, used 48640K [0x00000000eab00000, 0x00000000f1900000, 0x0000000100000000)
  eden space 48640K, 100% used [0x00000000eab00000,0x00000000eda80000,0x00000000eda80000)
  from space 7680K, 0% used [0x00000000ee200000,0x00000000ee200000,0x00000000ee980000)
  to   space 7680K, 0% used [0x00000000eda80000,0x00000000eda80000,0x00000000ee200000)
 ParOldGen       total 66048K, used 7530K [0x00000000c0000000, 0x00000000c4080000, 0x00000000eab00000)
  object space 66048K, 11% used [0x00000000c0000000,0x00000000c075ab98,0x00000000c4080000)
 Metaspace       used 25110K, capacity 25436K, committed 25600K, reserved 1071104K
  class space    used 3392K, capacity 3527K, committed 3584K, reserved 1048576K
Event: 15.504 GC heap after
Heap after GC invocations=6 (full 1):
 PSYoungGen      total 56320K, used 4880K [0x00000000eab00000, 0x00000000f1800000, 0x0000000100000000)
  eden space 48640K, 0% used [0x00000000eab00000,0x00000000eab00000,0x00000000eda80000)
  from space 7680K, 63% used [0x00000000eda80000,0x00000000edf44238,0x00000000ee200000)
  to   space 11264K, 0% used [0x00000000f0d00000,0x00000000f0d00000,0x00000000f1800000)
 ParOldGen       total 66048K, used 7538K [0x00000000c0000000, 0x00000000c4080000, 0x00000000eab00000)
  object space 66048K, 11% used [0x00000000c0000000,0x00000000c075cb98,0x00000000c4080000)
 Metaspace       used 25110K, capacity 25436K, committed 25600K, reserved 1071104K
  class space    used 3392K, capacity 3527K, committed 3584K, reserved 1048576K
}
Event: 15.946 GC heap before
{Heap before GC invocations=7 (full 1):
 PSYoungGen      total 56320K, used 53520K [0x00000000eab00000, 0x00000000f1800000, 0x0000000100000000)
  eden space 48640K, 100% used [0x00000000eab00000,0x00000000eda80000,0x00000000eda80000)
  from space 7680K, 63% used [0x00000000eda80000,0x00000000edf44238,0x00000000ee200000)
  to   space 11264K, 0% used [0x00000000f0d00000,0x00000000f0d00000,0x00000000f1800000)
 ParOldGen       total 66048K, used 7538K [0x00000000c0000000, 0x00000000c4080000, 0x00000000eab00000)
  object space 66048K, 11% used [0x00000000c0000000,0x00000000c075cb98,0x00000000c4080000)
 Metaspace       used 27230K, capacity 27676K, committed 27776K, reserved 1073152K
  class space    used 3777K, capacity 3929K, committed 3968K, reserved 1048576K
Event: 15.956 GC heap after
Heap after GC invocations=7 (full 1):
 PSYoungGen      total 100864K, used 6014K [0x00000000eab00000, 0x00000000f1800000, 0x0000000100000000)
  eden space 89600K, 0% used [0x00000000eab00000,0x00000000eab00000,0x00000000f0280000)
  from space 11264K, 53% used [0x00000000f0d00000,0x00000000f12df970,0x00000000f1800000)
  to   space 10752K, 0% used [0x00000000f0280000,0x00000000f0280000,0x00000000f0d00000)
 ParOldGen       total 66048K, used 7546K [0x00000000c0000000, 0x00000000c4080000, 0x00000000eab00000)
  object space 66048K, 11% used [0x00000000c0000000,0x00000000c075eb98,0x00000000c4080000)
 Metaspace       used 27230K, capacity 27676K, committed 27776K, reserved 1073152K
  class space    used 3777K, capacity 3929K, committed 3968K, reserved 1048576K
}
Event: 16.979 GC heap before
{Heap before GC invocations=8 (full 1):
 PSYoungGen      total 100864K, used 95614K [0x00000000eab00000, 0x00000000f1800000, 0x0000000100000000)
  eden space 89600K, 100% used [0x00000000eab00000,0x00000000f0280000,0x00000000f0280000)
  from space 11264K, 53% used [0x00000000f0d00000,0x00000000f12df970,0x00000000f1800000)
  to   space 10752K, 0% used [0x00000000f0280000,0x00000000f0280000,0x00000000f0d00000)
 ParOldGen       total 66048K, used 7546K [0x00000000c0000000, 0x00000000c4080000, 0x00000000eab00000)
  object space 66048K, 11% used [0x00000000c0000000,0x00000000c075eb98,0x00000000c4080000)
 Metaspace       used 31788K, capacity 32270K, committed 32640K, reserved 1077248K
  class space    used 4475K, capacity 4647K, committed 4736K, reserved 1048576K

