# JRE version: OpenJDK Runtime Environment (8.0_242-b08) (build 1.8.0_242-8u242-b08-0ubuntu3~18.04-b08)
# Java VM: OpenJDK 64-Bit Server VM (25.242-b08 mixed mode linux-amd64 compressed oops)
Heap:
 PSYoungGen      total 550912K, used 24048K [0x0000000781f00000, 0x00000007a5380000, 0x00000007c0000000)
  eden space 526848K, 0% used [0x0000000781f00000,0x0000000781f00000,0x00000007a2180000)
  from space 24064K, 99% used [0x00000007a2480000,0x00000007a3bfc080,0x00000007a3c00000)
  to   space 20992K, 0% used [0x00000007a3f00000,0x00000007a3f00000,0x00000007a5380000)
 ParOldGen       total 208384K, used 207163K [0x0000000705c00000, 0x0000000712780000, 0x0000000781f00000)
  object space 208384K, 99% used [0x0000000705c00000,0x000000071264ede8,0x0000000712780000)
 Metaspace       used 78991K, capacity 82378K, committed 82648K, reserved 1120256K
  class space    used 10338K, capacity 11177K, committed 11224K, reserved 1048576K
GC Heap History (10 events):
Event: 38.363 GC heap after
Heap after GC invocations=9 (full 1):
 PSYoungGen      total 379392K, used 10729K [0x0000000781f00000, 0x000000079a380000, 0x00000007c0000000)
  eden space 364544K, 0% used [0x0000000781f00000,0x0000000781f00000,0x0000000798300000)
  from space 14848K, 72% used [0x0000000799180000,0x0000000799bfa708,0x000000079a000000)
  to   space 14848K, 0% used [0x0000000798300000,0x0000000798300000,0x0000000799180000)
 ParOldGen       total 58368K, used 15463K [0x0000000705c00000, 0x0000000709500000, 0x0000000781f00000)
  object space 58368K, 26% used [0x0000000705c00000,0x0000000706b19cc0,0x0000000709500000)
 Metaspace       used 34076K, capacity 35258K, committed 35456K, reserved 1081344K
  class space    used 4115K, capacity 4384K, committed 4480K, reserved 1048576K
}
Event: 38.363 GC heap before
{Heap before GC invocations=10 (full 2):
 PSYoungGen      total 379392K, used 10729K [0x0000000781f00000, 0x000000079a380000, 0x00000007c0000000)
  eden space 364544K, 0% used [0x0000000781f00000,0x0000000781f00000,0x0000000798300000)
  from space 14848K, 72% used [0x0000000799180000,0x0000000799bfa708,0x000000079a000000)
  to   space 14848K, 0% used [0x0000000798300000,0x0000000798300000,0x0000000799180000)
 ParOldGen       total 58368K, used 15463K [0x0000000705c00000, 0x0000000709500000, 0x0000000781f00000)
  object space 58368K, 26% used [0x0000000705c00000,0x0000000706b19cc0,0x0000000709500000)
 Metaspace       used 34076K, capacity 35258K, committed 35456K, reserved 1081344K
  class space    used 4115K, capacity 4384K, committed 4480K, reserved 1048576K
Event: 38.491 GC heap after
Heap after GC invocations=10 (full 2):
 PSYoungGen      total 379392K, used 0K [0x0000000781f00000, 0x000000079a380000, 0x00000007c0000000)
  eden space 364544K, 0% used [0x0000000781f00000,0x0000000781f00000,0x0000000798300000)
  from space 14848K, 0% used [0x0000000799180000,0x0000000799180000,0x000000079a000000)
  to   space 14848K, 0% used [0x0000000798300000,0x0000000798300000,0x0000000799180000)
 ParOldGen       total 84480K, used 17836K [0x0000000705c00000, 0x000000070ae80000, 0x0000000781f00000)
  object space 84480K, 21% used [0x0000000705c00000,0x0000000706d6b020,0x000000070ae80000)
 Metaspace       used 34076K, capacity 35258K, committed 35456K, reserved 1081344K
  class space    used 4115K, capacity 4384K, committed 4480K, reserved 1048576K
}
Event: 48.894 GC heap before
{Heap before GC invocations=11 (full 2):
 PSYoungGen      total 379392K, used 364544K [0x0000000781f00000, 0x000000079a380000, 0x00000007c0000000)
  eden space 364544K, 100% used [0x0000000781f00000,0x0000000798300000,0x0000000798300000)
  from space 14848K, 0% used [0x0000000799180000,0x0000000799180000,0x000000079a000000)
  to   space 14848K, 0% used [0x0000000798300000,0x0000000798300000,0x0000000799180000)
 ParOldGen       total 84480K, used 17836K [0x0000000705c00000, 0x000000070ae80000, 0x0000000781f00000)
  object space 84480K, 21% used [0x0000000705c00000,0x0000000706d6b020,0x000000070ae80000)
 Metaspace       used 50676K, capacity 52702K, committed 52992K, reserved 1095680K
  class space    used 6258K, capacity 6616K, committed 6656K, reserved 1048576K
Event: 49.226 GC heap after
Heap after GC invocations=11 (full 2):
 PSYoungGen      total 379392K, used 14843K [0x0000000781f00000, 0x00000007a5380000, 0x00000007c0000000)
  eden space 364544K, 0% used [0x0000000781f00000,0x0000000781f00000,0x0000000798300000)
  from space 14848K, 99% used [0x0000000798300000,0x000000079917ee68,0x0000000799180000)
  to   space 20992K, 0% used [0x00000007a3f00000,0x00000007a3f00000,0x00000007a5380000)
 ParOldGen       total 84480K, used 28190K [0x0000000705c00000, 0x000000070ae80000, 0x0000000781f00000)
  object space 84480K, 33% used [0x0000000705c00000,0x0000000707787ae0,0x000000070ae80000)
 Metaspace       used 50676K, capacity 52702K, committed 52992K, reserved 1095680K
  class space    used 6258K, capacity 6616K, committed 6656K, reserved 1048576K
}
Event: 57.831 GC heap before
{Heap before GC invocations=12 (full 2):
 PSYoungGen      total 379392K, used 123104K [0x0000000781f00000, 0x00000007a5380000, 0x00000007c0000000)
  eden space 364544K, 29% used [0x0000000781f00000,0x00000007888b9300,0x0000000798300000)
  from space 14848K, 99% used [0x0000000798300000,0x000000079917ee68,0x0000000799180000)
  to   space 20992K, 0% used [0x00000007a3f00000,0x00000007a3f00000,0x00000007a5380000)
 ParOldGen       total 84480K, used 28190K [0x0000000705c00000, 0x000000070ae80000, 0x0000000781f00000)
  object space 84480K, 33% used [0x0000000705c00000,0x0000000707787ae0,0x000000070ae80000)
 Metaspace       used 56526K, capacity 59004K, committed 59096K, reserved 1101824K
  class space    used 7072K, capacity 7588K, committed 7640K, reserved 1048576K
Event: 57.866 GC heap after
Heap after GC invocations=12 (full 2):
 PSYoungGen      total 547840K, used 20961K [0x0000000781f00000, 0x00000007a5380000, 0x00000007c0000000)
  eden space 526848K, 0% used [0x0000000781f00000,0x0000000781f00000,0x00000007a2180000)
  from space 20992K, 99% used [0x00000007a3f00000,0x00000007a5378728,0x00000007a5380000)
  to   space 24064K, 0% used [0x00000007a2480000,0x00000007a2480000,0x00000007a3c00000)
 ParOldGen       total 84480K, used 29224K [0x0000000705c00000, 0x000000070ae80000, 0x0000000781f00000)
  object space 84480K, 34% used [0x0000000705c00000,0x000000070788a1e0,0x000000070ae80000)
 Metaspace       used 56526K, capacity 59004K, committed 59096K, reserved 1101824K
  class space    used 7072K, capacity 7588K, committed 7640K, reserved 1048576K
}
Event: 57.866 GC heap before
{Heap before GC invocations=13 (full 3):
 PSYoungGen      total 547840K, used 20961K [0x0000000781f00000, 0x00000007a5380000, 0x00000007c0000000)
  eden space 526848K, 0% used [0x0000000781f00000,0x0000000781f00000,0x00000007a2180000)
  from space 20992K, 99% used [0x00000007a3f00000,0x00000007a5378728,0x00000007a5380000)
  to   space 24064K, 0% used [0x00000007a2480000,0x00000007a2480000,0x00000007a3c00000)
 ParOldGen       total 84480K, used 29224K [0x0000000705c00000, 0x000000070ae80000, 0x0000000781f00000)
  object space 84480K, 34% used [0x0000000705c00000,0x000000070788a1e0,0x000000070ae80000)
 Metaspace       used 56526K, capacity 59004K, committed 59096K, reserved 1101824K
  class space    used 7072K, capacity 7588K, committed 7640K, reserved 1048576K
Event: 58.083 GC heap after
Heap after GC invocations=13 (full 3):
 PSYoungGen      total 547840K, used 0K [0x0000000781f00000, 0x00000007a5380000, 0x00000007c0000000)
  eden space 526848K, 0% used [0x0000000781f00000,0x0000000781f00000,0x00000007a2180000)
  from space 20992K, 0% used [0x00000007a3f00000,0x00000007a3f00000,0x00000007a5380000)
  to   space 24064K, 0% used [0x00000007a2480000,0x00000007a2480000,0x00000007a3c00000)
 ParOldGen       total 119296K, used 37833K [0x0000000705c00000, 0x000000070d080000, 0x0000000781f00000)
  object space 119296K, 31% used [0x0000000705c00000,0x00000007080f25d0,0x000000070d080000)
 Metaspace       used 56526K, capacity 59004K, committed 59096K, reserved 1101824K
  class space    used 7072K, capacity 7588K, committed 7640K, reserved 1048576K
}
Event: 71.653 GC heap before
{Heap before GC invocations=14 (full 3):
 PSYoungGen      total 547840K, used 526848K [0x0000000781f00000, 0x00000007a5380000, 0x00000007c0000000)
  eden space 526848K, 100% used [0x0000000781f00000,0x00000007a2180000,0x00000007a2180000)
  from space 20992K, 0% used [0x00000007a3f00000,0x00000007a3f00000,0x00000007a5380000)
  to   space 24064K, 0% used [0x00000007a2480000,0x00000007a2480000,0x00000007a3c00000)
 ParOldGen       total 119296K, used 37833K [0x0000000705c00000, 0x000000070d080000, 0x0000000781f00000)
  object space 119296K, 31% used [0x0000000705c00000,0x00000007080f25d0,0x000000070d080000)
 Metaspace       used 78991K, capacity 82378K, committed 82648K, reserved 1120256K
  class space    used 10338K, capacity 11177K, committed 11224K, reserved 1048576K

