# JRE version: OpenJDK Runtime Environment (8.0_242-b08) (build 1.8.0_242-8u242-b08-0ubuntu3~18.04-b08)
# Java VM: OpenJDK 64-Bit Server VM (25.242-b08 mixed mode linux-amd64 compressed oops)
Heap:
 PSYoungGen      total 401408K, used 0K [0x0000000781f00000, 0x00000007a9a80000, 0x00000007c0000000)
  eden space 356352K, 0% used [0x0000000781f00000,0x0000000781f00000,0x0000000797b00000)
  from space 45056K, 0% used [0x0000000797b00000,0x0000000797b00000,0x000000079a700000)
  to   space 93696K, 0% used [0x00000007a3f00000,0x00000007a3f00000,0x00000007a9a80000)
 ParOldGen       total 201216K, used 188712K [0x0000000705c00000, 0x0000000712080000, 0x0000000781f00000)
  object space 201216K, 93% used [0x0000000705c00000,0x000000071144a048,0x0000000712080000)
 Metaspace       used 86472K, capacity 89998K, committed 90328K, reserved 1128448K
  class space    used 11446K, capacity 12273K, committed 12288K, reserved 1048576K
GC Heap History (10 events):
Event: 11.625 GC heap after
Heap after GC invocations=12 (full 2):
 PSYoungGen      total 297984K, used 18428K [0x0000000781f00000, 0x0000000796380000, 0x00000007c0000000)
  eden space 279552K, 0% used [0x0000000781f00000,0x0000000781f00000,0x0000000793000000)
  from space 18432K, 99% used [0x0000000794700000,0x00000007958ff158,0x0000000795900000)
  to   space 23552K, 0% used [0x0000000793000000,0x0000000793000000,0x0000000794700000)
 ParOldGen       total 129536K, used 29034K [0x0000000705c00000, 0x000000070da80000, 0x0000000781f00000)
  object space 129536K, 22% used [0x0000000705c00000,0x000000070785aa80,0x000000070da80000)
 Metaspace       used 55283K, capacity 57704K, committed 57944K, reserved 1099776K
  class space    used 6965K, capacity 7470K, committed 7552K, reserved 1048576K
}
Event: 11.852 GC heap before
{Heap before GC invocations=13 (full 2):
 PSYoungGen      total 297984K, used 45547K [0x0000000781f00000, 0x0000000796380000, 0x00000007c0000000)
  eden space 279552K, 9% used [0x0000000781f00000,0x000000078397bb60,0x0000000793000000)
  from space 18432K, 99% used [0x0000000794700000,0x00000007958ff158,0x0000000795900000)
  to   space 23552K, 0% used [0x0000000793000000,0x0000000793000000,0x0000000794700000)
 ParOldGen       total 129536K, used 29034K [0x0000000705c00000, 0x000000070da80000, 0x0000000781f00000)
  object space 129536K, 22% used [0x0000000705c00000,0x000000070785aa80,0x000000070da80000)
 Metaspace       used 56386K, capacity 58868K, committed 59028K, reserved 1101824K
  class space    used 7135K, capacity 7638K, committed 7680K, reserved 1048576K
Event: 11.871 GC heap after
Heap after GC invocations=13 (full 2):
 PSYoungGen      total 303104K, used 1123K [0x0000000781f00000, 0x000000079be80000, 0x00000007c0000000)
  eden space 279552K, 0% used [0x0000000781f00000,0x0000000781f00000,0x0000000793000000)
  from space 23552K, 4% used [0x0000000793000000,0x0000000793118e58,0x0000000794700000)
  to   space 24064K, 0% used [0x000000079a700000,0x000000079a700000,0x000000079be80000)
 ParOldGen       total 129536K, used 47027K [0x0000000705c00000, 0x000000070da80000, 0x0000000781f00000)
  object space 129536K, 36% used [0x0000000705c00000,0x00000007089ecf68,0x000000070da80000)
 Metaspace       used 56386K, capacity 58868K, committed 59028K, reserved 1101824K
  class space    used 7135K, capacity 7638K, committed 7680K, reserved 1048576K
}
Event: 11.871 GC heap before
{Heap before GC invocations=14 (full 3):
 PSYoungGen      total 303104K, used 1123K [0x0000000781f00000, 0x000000079be80000, 0x00000007c0000000)
  eden space 279552K, 0% used [0x0000000781f00000,0x0000000781f00000,0x0000000793000000)
  from space 23552K, 4% used [0x0000000793000000,0x0000000793118e58,0x0000000794700000)
  to   space 24064K, 0% used [0x000000079a700000,0x000000079a700000,0x000000079be80000)
 ParOldGen       total 129536K, used 47027K [0x0000000705c00000, 0x000000070da80000, 0x0000000781f00000)
  object space 129536K, 36% used [0x0000000705c00000,0x00000007089ecf68,0x000000070da80000)
 Metaspace       used 56386K, capacity 58868K, committed 59028K, reserved 1101824K
  class space    used 7135K, capacity 7638K, committed 7680K, reserved 1048576K
Event: 12.103 GC heap after
Heap after GC invocations=14 (full 3):
 PSYoungGen      total 303104K, used 0K [0x0000000781f00000, 0x000000079be80000, 0x00000007c0000000)
  eden space 279552K, 0% used [0x0000000781f00000,0x0000000781f00000,0x0000000793000000)
  from space 23552K, 0% used [0x0000000793000000,0x0000000793000000,0x0000000794700000)
  to   space 24064K, 0% used [0x000000079a700000,0x000000079a700000,0x000000079be80000)
 ParOldGen       total 184320K, used 35196K [0x0000000705c00000, 0x0000000711000000, 0x0000000781f00000)
  object space 184320K, 19% used [0x0000000705c00000,0x0000000707e5f0f8,0x0000000711000000)
 Metaspace       used 56386K, capacity 58868K, committed 59028K, reserved 1101824K
  class space    used 7135K, capacity 7638K, committed 7680K, reserved 1048576K
}
Event: 26.463 GC heap before
{Heap before GC invocations=15 (full 3):
 PSYoungGen      total 303104K, used 279552K [0x0000000781f00000, 0x000000079be80000, 0x00000007c0000000)
  eden space 279552K, 100% used [0x0000000781f00000,0x0000000793000000,0x0000000793000000)
  from space 23552K, 0% used [0x0000000793000000,0x0000000793000000,0x0000000794700000)
  to   space 24064K, 0% used [0x000000079a700000,0x000000079a700000,0x000000079be80000)
 ParOldGen       total 184320K, used 35196K [0x0000000705c00000, 0x0000000711000000, 0x0000000781f00000)
  object space 184320K, 19% used [0x0000000705c00000,0x0000000707e5f0f8,0x0000000711000000)
 Metaspace       used 72636K, capacity 75980K, committed 76248K, reserved 1116160K
  class space    used 9416K, capacity 10238K, committed 10240K, reserved 1048576K
Event: 26.583 GC heap after
Heap after GC invocations=15 (full 3):
 PSYoungGen      total 380416K, used 24048K [0x0000000781f00000, 0x000000079d780000, 0x00000007c0000000)
  eden space 356352K, 0% used [0x0000000781f00000,0x0000000781f00000,0x0000000797b00000)
  from space 24064K, 99% used [0x000000079a700000,0x000000079be7c060,0x000000079be80000)
  to   space 45056K, 0% used [0x0000000797b00000,0x0000000797b00000,0x000000079a700000)
 ParOldGen       total 184320K, used 82477K [0x0000000705c00000, 0x0000000711000000, 0x0000000781f00000)
  object space 184320K, 44% used [0x0000000705c00000,0x000000070ac8b4f8,0x0000000711000000)
 Metaspace       used 72636K, capacity 75980K, committed 76248K, reserved 1116160K
  class space    used 9416K, capacity 10238K, committed 10240K, reserved 1048576K
}
Event: 37.650 GC heap before
{Heap before GC invocations=16 (full 3):
 PSYoungGen      total 380416K, used 380400K [0x0000000781f00000, 0x000000079d780000, 0x00000007c0000000)
  eden space 356352K, 100% used [0x0000000781f00000,0x0000000797b00000,0x0000000797b00000)
  from space 24064K, 99% used [0x000000079a700000,0x000000079be7c060,0x000000079be80000)
  to   space 45056K, 0% used [0x0000000797b00000,0x0000000797b00000,0x000000079a700000)
 ParOldGen       total 184320K, used 82477K [0x0000000705c00000, 0x0000000711000000, 0x0000000781f00000)
  object space 184320K, 44% used [0x0000000705c00000,0x000000070ac8b4f8,0x0000000711000000)
 Metaspace       used 86472K, capacity 89998K, committed 90328K, reserved 1128448K
  class space    used 11446K, capacity 12273K, committed 12288K, reserved 1048576K
Event: 38.053 GC heap after
Heap after GC invocations=16 (full 3):
 PSYoungGen      total 401408K, used 45040K [0x0000000781f00000, 0x00000007a9a80000, 0x00000007c0000000)
  eden space 356352K, 0% used [0x0000000781f00000,0x0000000781f00000,0x0000000797b00000)
  from space 45056K, 99% used [0x0000000797b00000,0x000000079a6fc3d8,0x000000079a700000)
  to   space 93696K, 0% used [0x00000007a3f00000,0x00000007a3f00000,0x00000007a9a80000)
 ParOldGen       total 201216K, used 192616K [0x0000000705c00000, 0x0000000712080000, 0x0000000781f00000)
  object space 201216K, 95% used [0x0000000705c00000,0x000000071181a2f8,0x0000000712080000)
 Metaspace       used 86472K, capacity 89998K, committed 90328K, reserved 1128448K
  class space    used 11446K, capacity 12273K, committed 12288K, reserved 1048576K
}
Event: 38.053 GC heap before
{Heap before GC invocations=17 (full 4):
 PSYoungGen      total 401408K, used 45040K [0x0000000781f00000, 0x00000007a9a80000, 0x00000007c0000000)
  eden space 356352K, 0% used [0x0000000781f00000,0x0000000781f00000,0x0000000797b00000)
  from space 45056K, 99% used [0x0000000797b00000,0x000000079a6fc3d8,0x000000079a700000)
  to   space 93696K, 0% used [0x00000007a3f00000,0x00000007a3f00000,0x00000007a9a80000)
 ParOldGen       total 201216K, used 192616K [0x0000000705c00000, 0x0000000712080000, 0x0000000781f00000)
  object space 201216K, 95% used [0x0000000705c00000,0x000000071181a2f8,0x0000000712080000)
 Metaspace       used 86472K, capacity 89998K, committed 90328K, reserved 1128448K
  class space    used 11446K, capacity 12273K, committed 12288K, reserved 1048576K

